Copyright 1986-2018 Xilinx, Inc. All Rights Reserved.
-------------------------------------------------------------------------------------------
| Tool Version : Vivado v.2018.2 (win64) Build 2258646 Thu Jun 14 20:03:12 MDT 2018
| Date         : Sat Mar  4 17:32:15 2023
| Host         : Sampad-JARVIS running 64-bit major release  (build 9200)
| Command      : report_control_sets -verbose -file parking_system_control_sets_placed.rpt
| Design       : parking_system
| Device       : xc7a100t
-------------------------------------------------------------------------------------------

Control Set Information

Table of Contents
-----------------
1. Summary
2. Histogram
3. Flip-Flop Distribution
4. Detailed Control Set Information

1. Summary
----------

+----------------------------------------------------------+-------+
|                          Status                          | Count |
+----------------------------------------------------------+-------+
| Number of unique control sets                            |     3 |
| Unused register locations in slices containing registers |    16 |
+----------------------------------------------------------+-------+


2. Histogram
------------

+--------+--------------+
| Fanout | Control Sets |
+--------+--------------+
|      4 |            1 |
|    16+ |            2 |
+--------+--------------+


3. Flip-Flop Distribution
-------------------------

+--------------+-----------------------+------------------------+-----------------+--------------+
| Clock Enable | Synchronous Set/Reset | Asynchronous Set/Reset | Total Registers | Total Slices |
+--------------+-----------------------+------------------------+-----------------+--------------+
| No           | No                    | No                     |               4 |            2 |
| No           | No                    | Yes                    |              74 |           15 |
| No           | Yes                   | No                     |               0 |            0 |
| Yes          | No                    | No                     |              26 |            7 |
| Yes          | No                    | Yes                    |               0 |            0 |
| Yes          | Yes                   | No                     |               0 |            0 |
+--------------+-----------------------+------------------------+-----------------+--------------+


4. Detailed Control Set Information
-----------------------------------

+----------------+------------------+-------------------------------------+------------------+----------------+
|  Clock Signal  |   Enable Signal  |           Set/Reset Signal          | Slice Load Count | Bel Load Count |
+----------------+------------------+-------------------------------------+------------------+----------------+
|  clk_IBUF_BUFG |                  |                                     |                2 |              4 |
|  clk_IBUF_BUFG | HEX_1[4]_i_1_n_0 |                                     |                7 |             26 |
|  clk_IBUF_BUFG |                  | FSM_onehot_current_state[4]_i_2_n_0 |               15 |             74 |
+----------------+------------------+-------------------------------------+------------------+----------------+


